<?xml version="1.0" encoding="UTF-8"?>
<!-- Generated by org.testng.reporters.JUnitReportReporter -->
<testsuite hostname="LAPTOP-8PSJV9MJ" failures="0" tests="2" name="paiInternational_Test.com.Test_CheckOut" time="8.799" errors="0" timestamp="21 Sep 2022 09:13:54 GMT">
  <testcase classname="paiInternational_Test.com.Test_CheckOut" name="Login" time="0.675"/>
  <testcase classname="paiInternational_Test.com.Test_CheckOut" name="ProductCheckout" time="8.124"/>
</testsuite> <!-- paiInternational_Test.com.Test_CheckOut -->
