<?xml version="1.0" encoding="UTF-8"?>
<!-- Generated by org.testng.reporters.JUnitReportReporter -->
<testsuite hostname="HP" failures="0" tests="1" name="vagrant.test.Imdb_test" time="13.384" errors="0" timestamp="17 Aug 2022 15:21:59 GMT">
  <testcase classname="vagrant.test.Imdb_test" name="getMovieDetailsInImdb" time="13.384"/>
</testsuite> <!-- vagrant.test.Imdb_test -->
