<?xml version="1.0" encoding="UTF-8"?>
<!-- Generated by org.testng.reporters.JUnitReportReporter -->
<testsuite hostname="LAPTOP-8PSJV9MJ" failures="0" tests="2" name="paiInternational.com.AddProductIntoCart" time="9.196" errors="0" timestamp="21 Sep 2022 08:57:00 GMT">
  <testcase classname="paiInternational.com.AddProductIntoCart" name="Login" time="0.737"/>
  <testcase classname="paiInternational.com.AddProductIntoCart" name="ProductCheckout" time="8.459"/>
</testsuite> <!-- paiInternational.com.AddProductIntoCart -->
